[0m19:43:30.215900 [debug] [MainThread]: Sending event: {'category': 'dbt', 'action': 'invocation', 'label': 'start', 'context': [<snowplow_tracker.self_describing_json.SelfDescribingJson object at 0x00000149A0642120>, <snowplow_tracker.self_describing_json.SelfDescribingJson object at 0x00000149A309FED0>, <snowplow_tracker.self_describing_json.SelfDescribingJson object at 0x00000149A309FC50>]}


============================== 19:43:30.222106 | a85cbac9-e43d-4c27-a379-8f3c16719e7e ==============================
[0m19:43:30.222106 [info ] [MainThread]: Running with dbt=1.7.9
[0m19:43:30.223104 [debug] [MainThread]: running dbt with arguments {'version_check': 'True', 'no_print': 'None', 'static_parser': 'True', 'warn_error_options': 'WarnErrorOptions(include=[], exclude=[])', 'target_path': 'None', 'printer_width': '80', 'write_json': 'True', 'introspect': 'True', 'log_cache_events': 'False', 'cache_selected_only': 'False', 'log_format': 'default', 'debug': 'False', 'fail_fast': 'False', 'profiles_dir': 'C:\\Users\\jiosh\\.dbt', 'send_anonymous_usage_stats': 'True', 'quiet': 'False', 'warn_error': 'None', 'partial_parse': 'True', 'invocation_command': 'dbt init', 'use_colors': 'True', 'indirect_selection': 'eager', 'use_experimental_parser': 'False', 'log_path': 'logs'}
[0m19:44:05.894022 [debug] [MainThread]: Starter project path: E:\Dbt\dbt_project_v1\dbt_mysql_core_project\venv\Lib\site-packages\dbt\include\starter_project
[0m19:44:05.987061 [info ] [MainThread]: 
Your new dbt project "dbt_eus_core_project" was created!

For more information on how to configure the profiles.yml file,
please consult the dbt documentation here:

  https://docs.getdbt.com/docs/configure-your-profile

One more thing:

Need help? Don't hesitate to reach out to us via GitHub issues or on Slack:

  https://community.getdbt.com/

Happy modeling!

[0m19:44:05.988488 [info ] [MainThread]: Setting up your profile.
[0m19:44:09.858526 [debug] [MainThread]: Command `dbt init` succeeded at 19:44:09.858195 after 39.79 seconds
[0m19:44:09.859092 [debug] [MainThread]: Sending event: {'category': 'dbt', 'action': 'invocation', 'label': 'end', 'context': [<snowplow_tracker.self_describing_json.SelfDescribingJson object at 0x000001499C5DA520>, <snowplow_tracker.self_describing_json.SelfDescribingJson object at 0x00000149A31DFAD0>, <snowplow_tracker.self_describing_json.SelfDescribingJson object at 0x00000149A327ECF0>]}
[0m19:44:09.859598 [debug] [MainThread]: Flushing usage events
[0m19:45:33.435511 [debug] [MainThread]: Sending event: {'category': 'dbt', 'action': 'invocation', 'label': 'start', 'context': [<snowplow_tracker.self_describing_json.SelfDescribingJson object at 0x00000215EDDC2120>, <snowplow_tracker.self_describing_json.SelfDescribingJson object at 0x00000215F0823ED0>, <snowplow_tracker.self_describing_json.SelfDescribingJson object at 0x00000215F0823C50>]}


============================== 19:45:33.440017 | 5dfd2407-8e84-409c-9a03-b20869b19c0c ==============================
[0m19:45:33.440017 [info ] [MainThread]: Running with dbt=1.7.9
[0m19:45:33.440801 [debug] [MainThread]: running dbt with arguments {'version_check': 'True', 'no_print': 'None', 'static_parser': 'True', 'warn_error_options': 'WarnErrorOptions(include=[], exclude=[])', 'target_path': 'None', 'printer_width': '80', 'write_json': 'True', 'introspect': 'True', 'log_cache_events': 'False', 'cache_selected_only': 'False', 'log_format': 'default', 'debug': 'False', 'fail_fast': 'False', 'profiles_dir': 'C:\\Users\\jiosh\\.dbt', 'send_anonymous_usage_stats': 'True', 'quiet': 'False', 'warn_error': 'None', 'partial_parse': 'True', 'invocation_command': 'dbt debug', 'use_colors': 'True', 'indirect_selection': 'eager', 'use_experimental_parser': 'False', 'log_path': 'logs'}
[0m19:45:33.441405 [info ] [MainThread]: dbt version: 1.7.9
[0m19:45:33.442004 [info ] [MainThread]: python version: 3.13.5
[0m19:45:33.442612 [info ] [MainThread]: python path: E:\Dbt\dbt_project_v1\dbt_mysql_core_project\venv\Scripts\python.exe
[0m19:45:33.443268 [info ] [MainThread]: os info: Windows-11-10.0.26200-SP0
[0m19:45:33.599886 [info ] [MainThread]: Using profiles dir at C:\Users\jiosh\.dbt
[0m19:45:33.600661 [info ] [MainThread]: Using profiles.yml file at C:\Users\jiosh\.dbt\profiles.yml
[0m19:45:33.601385 [info ] [MainThread]: Using dbt_project.yml file at E:\Dbt\dbt_project_v1\dbt_mysql_core_project\dbt_project.yml
[0m19:45:33.602365 [info ] [MainThread]: Configuration:
[0m19:45:33.603213 [info ] [MainThread]:   profiles.yml file [[31mERROR invalid[0m]
[0m19:45:33.604098 [info ] [MainThread]:   dbt_project.yml file [[31mERROR not found[0m]
[0m19:45:33.604853 [info ] [MainThread]: Required dependencies:
[0m19:45:33.606010 [debug] [MainThread]: Executing "git --help"
[0m19:45:33.662480 [debug] [MainThread]: STDOUT: "b"usage: git [-v | --version] [-h | --help] [-C <path>] [-c <name>=<value>]\n           [--exec-path[=<path>]] [--html-path] [--man-path] [--info-path]\n           [-p | --paginate | -P | --no-pager] [--no-replace-objects] [--bare]\n           [--git-dir=<path>] [--work-tree=<path>] [--namespace=<name>]\n           [--config-env=<name>=<envvar>] <command> [<args>]\n\nThese are common Git commands used in various situations:\n\nstart a working area (see also: git help tutorial)\n   clone     Clone a repository into a new directory\n   init      Create an empty Git repository or reinitialize an existing one\n\nwork on the current change (see also: git help everyday)\n   add       Add file contents to the index\n   mv        Move or rename a file, a directory, or a symlink\n   restore   Restore working tree files\n   rm        Remove files from the working tree and from the index\n\nexamine the history and state (see also: git help revisions)\n   bisect    Use binary search to find the commit that introduced a bug\n   diff      Show changes between commits, commit and working tree, etc\n   grep      Print lines matching a pattern\n   log       Show commit logs\n   show      Show various types of objects\n   status    Show the working tree status\n\ngrow, mark and tweak your common history\n   branch    List, create, or delete branches\n   commit    Record changes to the repository\n   merge     Join two or more development histories together\n   rebase    Reapply commits on top of another base tip\n   reset     Reset current HEAD to the specified state\n   switch    Switch branches\n   tag       Create, list, delete or verify a tag object signed with GPG\n\ncollaborate (see also: git help workflows)\n   fetch     Download objects and refs from another repository\n   pull      Fetch from and integrate with another repository or a local branch\n   push      Update remote refs along with associated objects\n\n'git help -a' and 'git help -g' list available subcommands and some\nconcept guides. See 'git help <command>' or 'git help <concept>'\nto read about a specific subcommand or concept.\nSee 'git help git' for an overview of the system.\n""
[0m19:45:33.663106 [debug] [MainThread]: STDERR: "b''"
[0m19:45:33.663715 [info ] [MainThread]:  - git [[32mOK found[0m]

[0m19:45:33.664649 [info ] [MainThread]: Connection test skipped since no profile was found
[0m19:45:33.665746 [info ] [MainThread]: [31m2 checks failed:[0m
[0m19:45:33.666709 [info ] [MainThread]: Could not load dbt_project.yml
Profile loading failed for the following reason:
Runtime Error
  Credentials in profile "dbt_eus_core_project", target "dev" invalid: ['schema'] is not valid under any of the given schemas


[0m19:45:33.667926 [info ] [MainThread]: Project loading failed for the following reason:
 project path <E:\Dbt\dbt_project_v1\dbt_mysql_core_project\dbt_project.yml> not found

[0m19:45:33.669770 [debug] [MainThread]: Command `dbt debug` failed at 19:45:33.669426 after 0.51 seconds
[0m19:45:33.670713 [debug] [MainThread]: Sending event: {'category': 'dbt', 'action': 'invocation', 'label': 'end', 'context': [<snowplow_tracker.self_describing_json.SelfDescribingJson object at 0x00000215F08C3E10>, <snowplow_tracker.self_describing_json.SelfDescribingJson object at 0x00000215F0ACFBF0>, <snowplow_tracker.self_describing_json.SelfDescribingJson object at 0x00000215F0A0F020>]}
[0m19:45:33.671388 [debug] [MainThread]: Flushing usage events
[0m19:47:39.364176 [debug] [MainThread]: Sending event: {'category': 'dbt', 'action': 'invocation', 'label': 'start', 'context': [<snowplow_tracker.self_describing_json.SelfDescribingJson object at 0x000001FD569B6120>, <snowplow_tracker.self_describing_json.SelfDescribingJson object at 0x000001FD59413ED0>, <snowplow_tracker.self_describing_json.SelfDescribingJson object at 0x000001FD59413C50>]}


============================== 19:47:39.368380 | 39028f84-9f99-45cc-9dc1-45fc8dabf98e ==============================
[0m19:47:39.368380 [info ] [MainThread]: Running with dbt=1.7.9
[0m19:47:39.369217 [debug] [MainThread]: running dbt with arguments {'static_parser': 'True', 'no_print': 'None', 'version_check': 'True', 'warn_error_options': 'WarnErrorOptions(include=[], exclude=[])', 'target_path': 'None', 'printer_width': '80', 'write_json': 'True', 'introspect': 'True', 'log_cache_events': 'False', 'cache_selected_only': 'False', 'fail_fast': 'False', 'debug': 'False', 'log_format': 'default', 'partial_parse': 'True', 'send_anonymous_usage_stats': 'True', 'quiet': 'False', 'warn_error': 'None', 'profiles_dir': 'C:\\Users\\jiosh\\.dbt', 'invocation_command': 'dbt debug', 'use_colors': 'True', 'indirect_selection': 'eager', 'use_experimental_parser': 'False', 'log_path': 'logs'}
[0m19:47:39.369754 [info ] [MainThread]: dbt version: 1.7.9
[0m19:47:39.370245 [info ] [MainThread]: python version: 3.13.5
[0m19:47:39.370590 [info ] [MainThread]: python path: E:\Dbt\dbt_project_v1\dbt_mysql_core_project\venv\Scripts\python.exe
[0m19:47:39.370908 [info ] [MainThread]: os info: Windows-11-10.0.26200-SP0
[0m19:47:39.468226 [info ] [MainThread]: Using profiles dir at C:\Users\jiosh\.dbt
[0m19:47:39.469209 [info ] [MainThread]: Using profiles.yml file at C:\Users\jiosh\.dbt\profiles.yml
[0m19:47:39.469866 [info ] [MainThread]: Using dbt_project.yml file at E:\Dbt\dbt_project_v1\dbt_mysql_core_project\dbt_project.yml
[0m19:47:39.471370 [info ] [MainThread]: adapter type: mysql
[0m19:47:39.471914 [info ] [MainThread]: adapter version: 1.7.0
[0m19:47:39.472458 [info ] [MainThread]: Configuration:
[0m19:47:39.472939 [info ] [MainThread]:   profiles.yml file [[32mOK found and valid[0m]
[0m19:47:39.473423 [info ] [MainThread]:   dbt_project.yml file [[31mERROR not found[0m]
[0m19:47:39.473949 [info ] [MainThread]: Required dependencies:
[0m19:47:39.474598 [debug] [MainThread]: Executing "git --help"
[0m19:47:39.509410 [debug] [MainThread]: STDOUT: "b"usage: git [-v | --version] [-h | --help] [-C <path>] [-c <name>=<value>]\n           [--exec-path[=<path>]] [--html-path] [--man-path] [--info-path]\n           [-p | --paginate | -P | --no-pager] [--no-replace-objects] [--bare]\n           [--git-dir=<path>] [--work-tree=<path>] [--namespace=<name>]\n           [--config-env=<name>=<envvar>] <command> [<args>]\n\nThese are common Git commands used in various situations:\n\nstart a working area (see also: git help tutorial)\n   clone     Clone a repository into a new directory\n   init      Create an empty Git repository or reinitialize an existing one\n\nwork on the current change (see also: git help everyday)\n   add       Add file contents to the index\n   mv        Move or rename a file, a directory, or a symlink\n   restore   Restore working tree files\n   rm        Remove files from the working tree and from the index\n\nexamine the history and state (see also: git help revisions)\n   bisect    Use binary search to find the commit that introduced a bug\n   diff      Show changes between commits, commit and working tree, etc\n   grep      Print lines matching a pattern\n   log       Show commit logs\n   show      Show various types of objects\n   status    Show the working tree status\n\ngrow, mark and tweak your common history\n   branch    List, create, or delete branches\n   commit    Record changes to the repository\n   merge     Join two or more development histories together\n   rebase    Reapply commits on top of another base tip\n   reset     Reset current HEAD to the specified state\n   switch    Switch branches\n   tag       Create, list, delete or verify a tag object signed with GPG\n\ncollaborate (see also: git help workflows)\n   fetch     Download objects and refs from another repository\n   pull      Fetch from and integrate with another repository or a local branch\n   push      Update remote refs along with associated objects\n\n'git help -a' and 'git help -g' list available subcommands and some\nconcept guides. See 'git help <command>' or 'git help <concept>'\nto read about a specific subcommand or concept.\nSee 'git help git' for an overview of the system.\n""
[0m19:47:39.509973 [debug] [MainThread]: STDERR: "b''"
[0m19:47:39.510441 [info ] [MainThread]:  - git [[32mOK found[0m]

[0m19:47:39.510969 [info ] [MainThread]: Connection:
[0m19:47:39.511379 [info ] [MainThread]:   server: localhost
[0m19:47:39.511732 [info ] [MainThread]:   unix_socket: None
[0m19:47:39.512095 [info ] [MainThread]:   port: 3306
[0m19:47:39.512459 [info ] [MainThread]:   database: None
[0m19:47:39.512818 [info ] [MainThread]:   schema: cdr
[0m19:47:39.513160 [info ] [MainThread]:   user: root
[0m19:47:39.513549 [info ] [MainThread]: Registered adapter: mysql=1.7.0
[0m19:47:39.514031 [debug] [MainThread]: Acquiring new mysql connection 'debug'
[0m19:47:39.514309 [debug] [MainThread]: Using mysql connection "debug"
[0m19:47:39.514551 [debug] [MainThread]: On debug: select 1 as id
[0m19:47:39.514783 [debug] [MainThread]: Opening a new connection, currently in state init
[0m19:47:39.529001 [debug] [MainThread]: SQL status: SUCCESS 1 in 0.0 seconds
[0m19:47:39.529912 [debug] [MainThread]: On debug: Close
[0m19:47:39.530372 [info ] [MainThread]:   Connection test: [[32mOK connection ok[0m]

[0m19:47:39.530790 [info ] [MainThread]: [31m1 check failed:[0m
[0m19:47:39.531170 [info ] [MainThread]: Project loading failed for the following reason:
 project path <E:\Dbt\dbt_project_v1\dbt_mysql_core_project\dbt_project.yml> not found

[0m19:47:39.531982 [debug] [MainThread]: Command `dbt debug` failed at 19:47:39.531846 after 0.40 seconds
[0m19:47:39.532277 [debug] [MainThread]: Connection 'debug' was properly closed.
[0m19:47:39.532576 [debug] [MainThread]: Sending event: {'category': 'dbt', 'action': 'invocation', 'label': 'end', 'context': [<snowplow_tracker.self_describing_json.SelfDescribingJson object at 0x000001FD594B3A80>, <snowplow_tracker.self_describing_json.SelfDescribingJson object at 0x000001FD596BBD10>, <snowplow_tracker.self_describing_json.SelfDescribingJson object at 0x000001FD595FEE00>]}
[0m19:47:39.532897 [debug] [MainThread]: Flushing usage events
